#
# A fatal error has been detected by the Java Runtime Environment:
#
#  EXCEPTION_ACCESS_VIOLATION (0xc0000005) at pc=0x00007fff245120d2, pid=2664, tid=12976
#
# JRE version: Java(TM) SE Runtime Environment (18.0.2+9) (build 18.0.2+9-61)
# Java VM: Java HotSpot(TM) 64-Bit Server VM (18.0.2+9-61, mixed mode, sharing, tiered, compressed oops, compressed class ptrs, g1 gc, windows-amd64)
# Problematic frame:
# V  [jvm.dll+0x5a20d2]
#
# No core dump will be written. Minidumps are not enabled by default on client versions of Windows
#
# If you would like to submit a bug report, please visit:
#   https://bugreport.java.com/bugreport/crash.jsp
#

---------------  S U M M A R Y ------------

Command Line: -javaagent:D:\IntelliJ IDEA Community Edition 2022.2\lib\idea_rt.jar=51128:D:\IntelliJ IDEA Community Edition 2022.2\bin -Dfile.encoding=UTF-8 mukemmelSayi

Host: AMD Ryzen 5 1500X Quad-Core Processor          , 8 cores, 7G,  Windows 11 , 64 bit Build 22000 (10.0.22000.708)
Time: Tue Aug 30 07:08:17 2022 Türkiye Standart Saati elapsed time: 1.181114 seconds (0d 0h 0m 1s)

---------------  T H R E A D  ---------------

Current thread (0x000001d8f7dd1740):  JavaThread "C2 CompilerThread2" daemon [_thread_in_native, id=12976, stack(0x000000c44cb00000,0x000000c44cc00000)]


Current CompileTask:
C2:   1181  565 %     4       mukemmelSayi::main @ 26 (71 bytes)

Stack: [0x000000c44cb00000,0x000000c44cc00000],  sp=0x000000c44cbfa520,  free space=1001k
Native frames: (J=compiled Java code, j=interpreted, Vv=VM code, C=native code)
V  [jvm.dll+0x5a20d2]
V  [jvm.dll+0x5a1df4]
V  [jvm.dll+0x5a1078]
V  [jvm.dll+0x23876e]
V  [jvm.dll+0x231cf5]
V  [jvm.dll+0x22f21b]
V  [jvm.dll+0x1ba01c]
V  [jvm.dll+0x23ec9a]
V  [jvm.dll+0x23cf85]
V  [jvm.dll+0x7a6e21]
V  [jvm.dll+0x7a125a]
V  [jvm.dll+0x698275]
C  [ucrtbase.dll+0x26c0c]
C  [KERNEL32.DLL+0x154e0]
C  [ntdll.dll+0x485b]


siginfo: EXCEPTION_ACCESS_VIOLATION (0xc0000005), reading address 0x0000000000000008


Register to memory mapping:

RIP=0x00007fff245120d2 jvm.dll
RAX=0x000001d8f81c9d40 points into unknown readable memory: 0x0000000000000000 | 00 00 00 00 00 00 00 00
RBX=0x0 is NULL
RCX=0x0 is NULL
RDX=0x0000000000000800 is an unknown value
RSP=0x000000c44cbfa520 is pointing into the stack for thread: 0x000001d8f7dd1740
RBP=0x000001d8f7d6c058 points into unknown readable memory: 0x00007fff24852d90 | 90 2d 85 24 ff 7f 00 00
RSI=0x000001d8f7c34ad0 points into unknown readable memory: 0x0000000000000000 | 00 00 00 00 00 00 00 00
RDI=0x000000c44cbfa9b0 is pointing into the stack for thread: 0x000001d8f7dd1740
R8 =0x000001d8f81c9d40 points into unknown readable memory: 0x0000000000000000 | 00 00 00 00 00 00 00 00
R9 =0x0 is NULL
R10=0xfefefefefefefeff is an unknown value
R11=0x000001d8f81d0bf8 points into unknown readable memory: 0x0000000000000000 | 00 00 00 00 00 00 00 00
R12=0x000000c44cbfa610 is pointing into the stack for thread: 0x000001d8f7dd1740
R13=0x000000c44cbfa5f0 is pointing into the stack for thread: 0x000001d8f7dd1740
R14=0x000001d8f7f72ce8 points into unknown readable memory: 0x00007fff248d6980 | 80 69 8d 24 ff 7f 00 00
R15=0x000001d8f81d2678 points into unknown readable memory: 0x00007fff24853238 | 38 32 85 24 ff 7f 00 00


Registers:
RAX=0x000001d8f81c9d40, RBX=0x0000000000000000, RCX=0x0000000000000000, RDX=0x0000000000000800
RSP=0x000000c44cbfa520, RBP=0x000001d8f7d6c058, RSI=0x000001d8f7c34ad0, RDI=0x000000c44cbfa9b0
R8 =0x000001d8f81c9d40, R9 =0x0000000000000000, R10=0xfefefefefefefeff, R11=0x000001d8f81d0bf8
R12=0x000000c44cbfa610, R13=0x000000c44cbfa5f0, R14=0x000001d8f7f72ce8, R15=0x000001d8f81d2678
RIP=0x00007fff245120d2, EFLAGS=0x0000000000010202

Top of Stack: (sp=0x000000c44cbfa520)
0x000000c44cbfa520:   000000000000000a 000000c44cbfa9b0
0x000000c44cbfa530:   0000000000000001 000000c44cbfa9b0
0x000000c44cbfa540:   0000000000000001 000000c44cbfa630
0x000000c44cbfa550:   000001d8f7f73168 00007fff24511df4
0x000000c44cbfa560:   0000000000000001 000000000000000a
0x000000c44cbfa570:   000001d8f7f72ce8 000001d8d36dd460
0x000000c44cbfa580:   000001d8d36dd460 0000000000000000
0x000000c44cbfa590:   000001d8f3729a98 000000c44cbfa6c0
0x000000c44cbfa5a0:   0000000000010300 0000000000000000
0x000000c44cbfa5b0:   000000c44cbfa9b0 00007fff24511078
0x000000c44cbfa5c0:   000000c44cbfa9b0 0000000000000001
0x000000c44cbfa5d0:   000001d800000001 000000c44cbfa630
0x000000c44cbfa5e0:   000001d8f8153690 00007fff24723bcf
0x000000c44cbfa5f0:   000001d8f7dbe980 0000000800000040
0x000000c44cbfa600:   000001d8f81d0c78 000001d80000000b
0x000000c44cbfa610:   000001d800000040 000001d8f81d0b78 

Instructions: (pc=0x00007fff245120d2)
0x00007fff24511fd2:   8b 5e 28 3b 5f 28 72 0b 8b d3 48 8d 4f 20 e8 db
0x00007fff24511fe2:   5e 0d 00 48 8b 47 30 48 c7 04 d8 00 00 00 00 48
0x00007fff24511ff2:   83 c4 20 41 5e 5f 5b c3 49 8b d6 4c 89 7c 24 50
0x00007fff24512002:   48 8b cf e8 66 c9 fe ff 45 33 c9 4c 8b c0 49 8b
0x00007fff24512012:   d6 48 8b cf 4c 8b f8 e8 d2 13 00 00 41 8b 4e 2c
0x00007fff24512022:   48 8b d8 83 e1 3f 80 f9 30 75 19 49 3b c7 74 14
0x00007fff24512032:   4c 8b c8 4d 8b c7 49 8b d6 48 8b cf e8 9d 48 00
0x00007fff24512042:   00 48 8b d8 48 89 74 24 48 48 85 db 75 55 41 8b
0x00007fff24512052:   5e 28 3b 5f 28 72 0b 8b d3 48 8d 4f 20 e8 5c 5e
0x00007fff24512062:   0d 00 48 8b 47 30 48 c7 04 d8 00 00 00 00 8b 9f
0x00007fff24512072:   d0 09 00 00 8d 43 01 89 87 d0 09 00 00 3b 9f c0
0x00007fff24512082:   09 00 00 72 0e 8b d3 48 8d 8f b8 09 00 00 e8 2b
0x00007fff24512092:   5e 0d 00 48 8b 87 c8 09 00 00 4c 89 34 d8 e9 25
0x00007fff245120a2:   03 00 00 48 89 6c 24 40 48 8b eb 4c 3b fb 0f 84
0x00007fff245120b2:   6a 02 00 00 8b 57 28 0f 1f 80 00 00 00 00 8b 4b
0x00007fff245120c2:   28 48 8b 87 f8 09 00 00 48 8b 1c c8 4c 8d 04 c8
0x00007fff245120d2:   48 8b 43 08 48 83 38 00 75 27 0f 1f 40 00 8b 43
0x00007fff245120e2:   28 3b c2 73 0c 8b c8 48 8b 47 30 48 8b 1c c8 eb
0x00007fff245120f2:   02 33 db 48 83 e3 fe 48 8b 43 08 48 83 38 00 74
0x00007fff24512102:   dd 49 89 18 8b 43 28 8b 57 28 3b c2 73 0f 8b c8
0x00007fff24512112:   48 8b 47 30 48 8b 34 c8 48 85 f6 75 07 48 8b b7
0x00007fff24512122:   90 09 00 00 48 85 ed 75 27 4c 8d 0d 5e 6c 37 00
0x00007fff24512132:   ba 9a 03 00 00 4c 8d 05 62 6c 37 00 48 8d 0d 5b
0x00007fff24512142:   76 36 00 e8 36 ab cb ff e8 f1 6d 0f 00 8b 57 28
0x00007fff24512152:   8b 45 28 3b c2 73 0f 8b c8 48 8b 47 30 4c 8b 04
0x00007fff24512162:   c8 4d 85 c0 75 07 4c 8b 87 90 09 00 00 41 0f b7
0x00007fff24512172:   40 58 48 8b cb 66 39 46 58 48 0f 43 cd 48 8b e9
0x00007fff24512182:   4c 3b fb 0f 85 35 ff ff ff 49 3b cf 0f 84 8c 01
0x00007fff24512192:   00 00 8b 41 2c 48 8b f1 24 0f 3c 08 75 6f 33 d2
0x00007fff245121a2:   48 8b ce e8 86 67 0c 00 48 85 c0 74 60 48 8b c8
0x00007fff245121b2:   e8 09 0d c2 ff 85 c0 79 54 f7 d0 8b c8 81 e1 f8
0x00007fff245121c2:   00 00 00 80 f9 90 74 13 8b c8 81 e1 f8 00 00 00 


Stack slot to memory mapping:
stack at sp + 0 slots: 0x000000000000000a is an unknown value
stack at sp + 1 slots: 0x000000c44cbfa9b0 is pointing into the stack for thread: 0x000001d8f7dd1740
stack at sp + 2 slots: 0x0000000000000001 is an unknown value
stack at sp + 3 slots: 0x000000c44cbfa9b0 is pointing into the stack for thread: 0x000001d8f7dd1740
stack at sp + 4 slots: 0x0000000000000001 is an unknown value
stack at sp + 5 slots: 0x000000c44cbfa630 is pointing into the stack for thread: 0x000001d8f7dd1740
stack at sp + 6 slots: 0x000001d8f7f73168 points into unknown readable memory: 0x00007fff24866cd0 | d0 6c 86 24 ff 7f 00 00
stack at sp + 7 slots: 0x00007fff24511df4 jvm.dll


---------------  P R O C E S S  ---------------

Threads class SMR info:
_java_thread_list=0x000001d8f36bdf30, length=15, elements={
0x000001d8d36ae370, 0x000001d8f36b6220, 0x000001d8f36b7ae0, 0x000001d8f36d7de0,
0x000001d8f36d8690, 0x000001d8f36d8f40, 0x000001d8f36d97f0, 0x000001d8f36deb20,
0x000001d8f36df410, 0x000001d8f36ee510, 0x000001d8f7ca5ce0, 0x000001d8f7d38a00,
0x000001d8f7d83050, 0x000001d8f7dd1240, 0x000001d8f7dd1740
}

Java Threads: ( => current thread )
  0x000001d8d36ae370 JavaThread "main" [_thread_in_Java, id=10488, stack(0x000000c44b600000,0x000000c44b700000)]
  0x000001d8f36b6220 JavaThread "Reference Handler" daemon [_thread_blocked, id=11976, stack(0x000000c44bd00000,0x000000c44be00000)]
  0x000001d8f36b7ae0 JavaThread "Finalizer" daemon [_thread_blocked, id=14764, stack(0x000000c44be00000,0x000000c44bf00000)]
  0x000001d8f36d7de0 JavaThread "Signal Dispatcher" daemon [_thread_blocked, id=15648, stack(0x000000c44bf00000,0x000000c44c000000)]
  0x000001d8f36d8690 JavaThread "Attach Listener" daemon [_thread_blocked, id=13072, stack(0x000000c44c000000,0x000000c44c100000)]
  0x000001d8f36d8f40 JavaThread "Service Thread" daemon [_thread_blocked, id=12620, stack(0x000000c44c100000,0x000000c44c200000)]
  0x000001d8f36d97f0 JavaThread "Monitor Deflation Thread" daemon [_thread_blocked, id=12352, stack(0x000000c44c200000,0x000000c44c300000)]
  0x000001d8f36deb20 JavaThread "C2 CompilerThread0" daemon [_thread_blocked, id=12332, stack(0x000000c44c300000,0x000000c44c400000)]
  0x000001d8f36df410 JavaThread "C1 CompilerThread0" daemon [_thread_blocked, id=11156, stack(0x000000c44c400000,0x000000c44c500000)]
  0x000001d8f36ee510 JavaThread "Sweeper thread" daemon [_thread_blocked, id=16496, stack(0x000000c44c500000,0x000000c44c600000)]
  0x000001d8f7ca5ce0 JavaThread "Common-Cleaner" daemon [_thread_blocked, id=11548, stack(0x000000c44c600000,0x000000c44c700000)]
  0x000001d8f7d38a00 JavaThread "Monitor Ctrl-Break" daemon [_thread_in_native, id=16716, stack(0x000000c44c700000,0x000000c44c800000)]
  0x000001d8f7d83050 JavaThread "Notification Thread" daemon [_thread_blocked, id=13992, stack(0x000000c44c800000,0x000000c44c900000)]
  0x000001d8f7dd1240 JavaThread "C2 CompilerThread1" daemon [_thread_blocked, id=12120, stack(0x000000c44ca00000,0x000000c44cb00000)]
=>0x000001d8f7dd1740 JavaThread "C2 CompilerThread2" daemon [_thread_in_native, id=12976, stack(0x000000c44cb00000,0x000000c44cc00000)]

Other Threads:
  0x000001d8d3745830 VMThread "VM Thread" [stack: 0x000000c44bc00000,0x000000c44bd00000] [id=16884]
  0x000001d8f7d3fd90 WatcherThread "VM Periodic Task Thread" [stack: 0x000000c44c900000,0x000000c44ca00000] [id=9720]
  0x000001d8d3722e10 WorkerThread "GC Thread#0" [stack: 0x000000c44b700000,0x000000c44b800000] [id=1668]
  0x000001d8f7ec5ed0 WorkerThread "GC Thread#1" [stack: 0x000000c44cc00000,0x000000c44cd00000] [id=15304]
  0x000001d8f7ec7270 WorkerThread "GC Thread#2" [stack: 0x000000c44cd00000,0x000000c44ce00000] [id=16268]
  0x000001d8f81429a0 WorkerThread "GC Thread#3" [stack: 0x000000c44ce00000,0x000000c44cf00000] [id=15664]
  0x000001d8f7ec7510 WorkerThread "GC Thread#4" [stack: 0x000000c44cf00000,0x000000c44d000000] [id=7300]
  0x000001d8f7fcee70 WorkerThread "GC Thread#5" [stack: 0x000000c44d000000,0x000000c44d100000] [id=12256]
  0x000001d8f7fcf110 WorkerThread "GC Thread#6" [stack: 0x000000c44d100000,0x000000c44d200000] [id=13748]
  0x000001d8d3733b70 ConcurrentGCThread "G1 Main Marker" [stack: 0x000000c44b800000,0x000000c44b900000] [id=10332]
  0x000001d8d3734b10 WorkerThread "G1 Conc#0" [stack: 0x000000c44b900000,0x000000c44ba00000] [id=12512]
  0x000001d8d3775c60 ConcurrentGCThread "G1 Refine#0" [stack: 0x000000c44ba00000,0x000000c44bb00000] [id=13248]
  0x000001d8d3777330 ConcurrentGCThread "G1 Service" [stack: 0x000000c44bb00000,0x000000c44bc00000] [id=14080]

Threads with active compile tasks:
C2 CompilerThread2     1219  565 %     4       mukemmelSayi::main @ 26 (71 bytes)

VM state: not at safepoint (normal execution)

VM Mutex/Monitor currently owned by a thread: None

Heap address: 0x0000000080a00000, size: 2038 MB, Compressed Oops mode: 32-bit

CDS archive(s) mapped at: [0x0000000800000000-0x0000000800ba0000-0x0000000800ba0000), size 12189696, SharedBaseAddress: 0x0000000800000000, ArchiveRelocationMode: 0.
Compressed class space mapped at: 0x0000000800c00000-0x0000000840c00000, reserved size: 1073741824
Narrow klass base: 0x0000000800000000, Narrow klass shift: 0, Narrow klass range: 0x100000000

GC Precious Log:
 CardTable entry size: 512
 Card Set container configuration: InlinePtr #cards 5 size 8 Array Of Cards #cards 12 size 40 Howl #buckets 4 coarsen threshold 1843 Howl Bitmap #cards 512 size 80 coarsen threshold 460 Card regions per heap region 1 cards per card region 2048
 CPUs: 8 total, 8 available
 Memory: 8146M
 Large Page Support: Disabled
 NUMA Support: Disabled
 Compressed Oops: Enabled (32-bit)
 Heap Region Size: 1M
 Heap Min Capacity: 8M
 Heap Initial Capacity: 128M
 Heap Max Capacity: 2038M
 Pre-touch: Disabled
 Parallel Workers: 8
 Concurrent Workers: 2
 Concurrent Refinement Workers: 8
 Periodic GC: Disabled

Heap:
 garbage-first heap   total 131072K, used 2998K [0x0000000080a00000, 0x0000000100000000)
  region size 1024K, 4 young (4096K), 2 survivors (2048K)
 Metaspace       used 1418K, committed 1600K, reserved 1114112K
  class space    used 118K, committed 192K, reserved 1048576K

Heap Regions: E=young(eden), S=young(survivor), O=old, HS=humongous(starts), HC=humongous(continues), CS=collection set, F=free, OA=open archive, CA=closed archive, TAMS=top-at-mark-start (previous, next)
|   0|0x0000000080a00000, 0x0000000080a00000, 0x0000000080b00000|  0%| F|  |TAMS 0x0000000080a00000, 0x0000000080a00000| Untracked 
|   1|0x0000000080b00000, 0x0000000080b00000, 0x0000000080c00000|  0%| F|  |TAMS 0x0000000080b00000, 0x0000000080b00000| Untracked 
|   2|0x0000000080c00000, 0x0000000080c00000, 0x0000000080d00000|  0%| F|  |TAMS 0x0000000080c00000, 0x0000000080c00000| Untracked 
|   3|0x0000000080d00000, 0x0000000080d00000, 0x0000000080e00000|  0%| F|  |TAMS 0x0000000080d00000, 0x0000000080d00000| Untracked 
|   4|0x0000000080e00000, 0x0000000080e00000, 0x0000000080f00000|  0%| F|  |TAMS 0x0000000080e00000, 0x0000000080e00000| Untracked 
|   5|0x0000000080f00000, 0x0000000080f00000, 0x0000000081000000|  0%| F|  |TAMS 0x0000000080f00000, 0x0000000080f00000| Untracked 
|   6|0x0000000081000000, 0x0000000081000000, 0x0000000081100000|  0%| F|  |TAMS 0x0000000081000000, 0x0000000081000000| Untracked 
|   7|0x0000000081100000, 0x0000000081100000, 0x0000000081200000|  0%| F|  |TAMS 0x0000000081100000, 0x0000000081100000| Untracked 
|   8|0x0000000081200000, 0x0000000081200000, 0x0000000081300000|  0%| F|  |TAMS 0x0000000081200000, 0x0000000081200000| Untracked 
|   9|0x0000000081300000, 0x0000000081300000, 0x0000000081400000|  0%| F|  |TAMS 0x0000000081300000, 0x0000000081300000| Untracked 
|  10|0x0000000081400000, 0x0000000081400000, 0x0000000081500000|  0%| F|  |TAMS 0x0000000081400000, 0x0000000081400000| Untracked 
|  11|0x0000000081500000, 0x0000000081500000, 0x0000000081600000|  0%| F|  |TAMS 0x0000000081500000, 0x0000000081500000| Untracked 
|  12|0x0000000081600000, 0x0000000081600000, 0x0000000081700000|  0%| F|  |TAMS 0x0000000081600000, 0x0000000081600000| Untracked 
|  13|0x0000000081700000, 0x0000000081700000, 0x0000000081800000|  0%| F|  |TAMS 0x0000000081700000, 0x0000000081700000| Untracked 
|  14|0x0000000081800000, 0x0000000081800000, 0x0000000081900000|  0%| F|  |TAMS 0x0000000081800000, 0x0000000081800000| Untracked 
|  15|0x0000000081900000, 0x0000000081900000, 0x0000000081a00000|  0%| F|  |TAMS 0x0000000081900000, 0x0000000081900000| Untracked 
|  16|0x0000000081a00000, 0x0000000081a00000, 0x0000000081b00000|  0%| F|  |TAMS 0x0000000081a00000, 0x0000000081a00000| Untracked 
|  17|0x0000000081b00000, 0x0000000081b00000, 0x0000000081c00000|  0%| F|  |TAMS 0x0000000081b00000, 0x0000000081b00000| Untracked 
|  18|0x0000000081c00000, 0x0000000081c00000, 0x0000000081d00000|  0%| F|  |TAMS 0x0000000081c00000, 0x0000000081c00000| Untracked 
|  19|0x0000000081d00000, 0x0000000081d00000, 0x0000000081e00000|  0%| F|  |TAMS 0x0000000081d00000, 0x0000000081d00000| Untracked 
|  20|0x0000000081e00000, 0x0000000081e00000, 0x0000000081f00000|  0%| F|  |TAMS 0x0000000081e00000, 0x0000000081e00000| Untracked 
|  21|0x0000000081f00000, 0x0000000081f00000, 0x0000000082000000|  0%| F|  |TAMS 0x0000000081f00000, 0x0000000081f00000| Untracked 
|  22|0x0000000082000000, 0x0000000082000000, 0x0000000082100000|  0%| F|  |TAMS 0x0000000082000000, 0x0000000082000000| Untracked 
|  23|0x0000000082100000, 0x0000000082100000, 0x0000000082200000|  0%| F|  |TAMS 0x0000000082100000, 0x0000000082100000| Untracked 
|  24|0x0000000082200000, 0x0000000082200000, 0x0000000082300000|  0%| F|  |TAMS 0x0000000082200000, 0x0000000082200000| Untracked 
|  25|0x0000000082300000, 0x0000000082300000, 0x0000000082400000|  0%| F|  |TAMS 0x0000000082300000, 0x0000000082300000| Untracked 
|  26|0x0000000082400000, 0x0000000082400000, 0x0000000082500000|  0%| F|  |TAMS 0x0000000082400000, 0x0000000082400000| Untracked 
|  27|0x0000000082500000, 0x0000000082500000, 0x0000000082600000|  0%| F|  |TAMS 0x0000000082500000, 0x0000000082500000| Untracked 
|  28|0x0000000082600000, 0x0000000082600000, 0x0000000082700000|  0%| F|  |TAMS 0x0000000082600000, 0x0000000082600000| Untracked 
|  29|0x0000000082700000, 0x0000000082700000, 0x0000000082800000|  0%| F|  |TAMS 0x0000000082700000, 0x0000000082700000| Untracked 
|  30|0x0000000082800000, 0x0000000082800000, 0x0000000082900000|  0%| F|  |TAMS 0x0000000082800000, 0x0000000082800000| Untracked 
|  31|0x0000000082900000, 0x0000000082900000, 0x0000000082a00000|  0%| F|  |TAMS 0x0000000082900000, 0x0000000082900000| Untracked 
|  32|0x0000000082a00000, 0x0000000082a00000, 0x0000000082b00000|  0%| F|  |TAMS 0x0000000082a00000, 0x0000000082a00000| Untracked 
|  33|0x0000000082b00000, 0x0000000082b00000, 0x0000000082c00000|  0%| F|  |TAMS 0x0000000082b00000, 0x0000000082b00000| Untracked 
|  34|0x0000000082c00000, 0x0000000082c00000, 0x0000000082d00000|  0%| F|  |TAMS 0x0000000082c00000, 0x0000000082c00000| Untracked 
|  35|0x0000000082d00000, 0x0000000082d00000, 0x0000000082e00000|  0%| F|  |TAMS 0x0000000082d00000, 0x0000000082d00000| Untracked 
|  36|0x0000000082e00000, 0x0000000082e00000, 0x0000000082f00000|  0%| F|  |TAMS 0x0000000082e00000, 0x0000000082e00000| Untracked 
|  37|0x0000000082f00000, 0x0000000082f00000, 0x0000000083000000|  0%| F|  |TAMS 0x0000000082f00000, 0x0000000082f00000| Untracked 
|  38|0x0000000083000000, 0x0000000083000000, 0x0000000083100000|  0%| F|  |TAMS 0x0000000083000000, 0x0000000083000000| Untracked 
|  39|0x0000000083100000, 0x0000000083100000, 0x0000000083200000|  0%| F|  |TAMS 0x0000000083100000, 0x0000000083100000| Untracked 
|  40|0x0000000083200000, 0x0000000083200000, 0x0000000083300000|  0%| F|  |TAMS 0x0000000083200000, 0x0000000083200000| Untracked 
|  41|0x0000000083300000, 0x0000000083300000, 0x0000000083400000|  0%| F|  |TAMS 0x0000000083300000, 0x0000000083300000| Untracked 
|  42|0x0000000083400000, 0x0000000083400000, 0x0000000083500000|  0%| F|  |TAMS 0x0000000083400000, 0x0000000083400000| Untracked 
|  43|0x0000000083500000, 0x0000000083500000, 0x0000000083600000|  0%| F|  |TAMS 0x0000000083500000, 0x0000000083500000| Untracked 
|  44|0x0000000083600000, 0x0000000083600000, 0x0000000083700000|  0%| F|  |TAMS 0x0000000083600000, 0x0000000083600000| Untracked 
|  45|0x0000000083700000, 0x0000000083700000, 0x0000000083800000|  0%| F|  |TAMS 0x0000000083700000, 0x0000000083700000| Untracked 
|  46|0x0000000083800000, 0x0000000083800000, 0x0000000083900000|  0%| F|  |TAMS 0x0000000083800000, 0x0000000083800000| Untracked 
|  47|0x0000000083900000, 0x0000000083900000, 0x0000000083a00000|  0%| F|  |TAMS 0x0000000083900000, 0x0000000083900000| Untracked 
|  48|0x0000000083a00000, 0x0000000083a00000, 0x0000000083b00000|  0%| F|  |TAMS 0x0000000083a00000, 0x0000000083a00000| Untracked 
|  49|0x0000000083b00000, 0x0000000083b00000, 0x0000000083c00000|  0%| F|  |TAMS 0x0000000083b00000, 0x0000000083b00000| Untracked 
|  50|0x0000000083c00000, 0x0000000083c00000, 0x0000000083d00000|  0%| F|  |TAMS 0x0000000083c00000, 0x0000000083c00000| Untracked 
|  51|0x0000000083d00000, 0x0000000083d00000, 0x0000000083e00000|  0%| F|  |TAMS 0x0000000083d00000, 0x0000000083d00000| Untracked 
|  52|0x0000000083e00000, 0x0000000083e00000, 0x0000000083f00000|  0%| F|  |TAMS 0x0000000083e00000, 0x0000000083e00000| Untracked 
|  53|0x0000000083f00000, 0x0000000083f00000, 0x0000000084000000|  0%| F|  |TAMS 0x0000000083f00000, 0x0000000083f00000| Untracked 
|  54|0x0000000084000000, 0x0000000084000000, 0x0000000084100000|  0%| F|  |TAMS 0x0000000084000000, 0x0000000084000000| Untracked 
|  55|0x0000000084100000, 0x0000000084100000, 0x0000000084200000|  0%| F|  |TAMS 0x0000000084100000, 0x0000000084100000| Untracked 
|  56|0x0000000084200000, 0x0000000084200000, 0x0000000084300000|  0%| F|  |TAMS 0x0000000084200000, 0x0000000084200000| Untracked 
|  57|0x0000000084300000, 0x0000000084300000, 0x0000000084400000|  0%| F|  |TAMS 0x0000000084300000, 0x0000000084300000| Untracked 
|  58|0x0000000084400000, 0x0000000084400000, 0x0000000084500000|  0%| F|  |TAMS 0x0000000084400000, 0x0000000084400000| Untracked 
|  59|0x0000000084500000, 0x0000000084500000, 0x0000000084600000|  0%| F|  |TAMS 0x0000000084500000, 0x0000000084500000| Untracked 
|  60|0x0000000084600000, 0x0000000084600000, 0x0000000084700000|  0%| F|  |TAMS 0x0000000084600000, 0x0000000084600000| Untracked 
|  61|0x0000000084700000, 0x0000000084700000, 0x0000000084800000|  0%| F|  |TAMS 0x0000000084700000, 0x0000000084700000| Untracked 
|  62|0x0000000084800000, 0x0000000084800000, 0x0000000084900000|  0%| F|  |TAMS 0x0000000084800000, 0x0000000084800000| Untracked 
|  63|0x0000000084900000, 0x0000000084900000, 0x0000000084a00000|  0%| F|  |TAMS 0x0000000084900000, 0x0000000084900000| Untracked 
|  64|0x0000000084a00000, 0x0000000084a00000, 0x0000000084b00000|  0%| F|  |TAMS 0x0000000084a00000, 0x0000000084a00000| Untracked 
|  65|0x0000000084b00000, 0x0000000084b00000, 0x0000000084c00000|  0%| F|  |TAMS 0x0000000084b00000, 0x0000000084b00000| Untracked 
|  66|0x0000000084c00000, 0x0000000084c00000, 0x0000000084d00000|  0%| F|  |TAMS 0x0000000084c00000, 0x0000000084c00000| Untracked 
|  67|0x0000000084d00000, 0x0000000084d00000, 0x0000000084e00000|  0%| F|  |TAMS 0x0000000084d00000, 0x0000000084d00000| Untracked 
|  68|0x0000000084e00000, 0x0000000084e00000, 0x0000000084f00000|  0%| F|  |TAMS 0x0000000084e00000, 0x0000000084e00000| Untracked 
|  69|0x0000000084f00000, 0x0000000084f00000, 0x0000000085000000|  0%| F|  |TAMS 0x0000000084f00000, 0x0000000084f00000| Untracked 
|  70|0x0000000085000000, 0x0000000085000000, 0x0000000085100000|  0%| F|  |TAMS 0x0000000085000000, 0x0000000085000000| Untracked 
|  71|0x0000000085100000, 0x0000000085100000, 0x0000000085200000|  0%| F|  |TAMS 0x0000000085100000, 0x0000000085100000| Untracked 
|  72|0x0000000085200000, 0x0000000085200000, 0x0000000085300000|  0%| F|  |TAMS 0x0000000085200000, 0x0000000085200000| Untracked 
|  73|0x0000000085300000, 0x0000000085300000, 0x0000000085400000|  0%| F|  |TAMS 0x0000000085300000, 0x0000000085300000| Untracked 
|  74|0x0000000085400000, 0x0000000085400000, 0x0000000085500000|  0%| F|  |TAMS 0x0000000085400000, 0x0000000085400000| Untracked 
|  75|0x0000000085500000, 0x0000000085500000, 0x0000000085600000|  0%| F|  |TAMS 0x0000000085500000, 0x0000000085500000| Untracked 
|  76|0x0000000085600000, 0x0000000085600000, 0x0000000085700000|  0%| F|  |TAMS 0x0000000085600000, 0x0000000085600000| Untracked 
|  77|0x0000000085700000, 0x0000000085700000, 0x0000000085800000|  0%| F|  |TAMS 0x0000000085700000, 0x0000000085700000| Untracked 
|  78|0x0000000085800000, 0x0000000085800000, 0x0000000085900000|  0%| F|  |TAMS 0x0000000085800000, 0x0000000085800000| Untracked 
|  79|0x0000000085900000, 0x0000000085900000, 0x0000000085a00000|  0%| F|  |TAMS 0x0000000085900000, 0x0000000085900000| Untracked 
|  80|0x0000000085a00000, 0x0000000085a00000, 0x0000000085b00000|  0%| F|  |TAMS 0x0000000085a00000, 0x0000000085a00000| Untracked 
|  81|0x0000000085b00000, 0x0000000085b00000, 0x0000000085c00000|  0%| F|  |TAMS 0x0000000085b00000, 0x0000000085b00000| Untracked 
|  82|0x0000000085c00000, 0x0000000085c00000, 0x0000000085d00000|  0%| F|  |TAMS 0x0000000085c00000, 0x0000000085c00000| Untracked 
|  83|0x0000000085d00000, 0x0000000085d00000, 0x0000000085e00000|  0%| F|  |TAMS 0x0000000085d00000, 0x0000000085d00000| Untracked 
|  84|0x0000000085e00000, 0x0000000085e00000, 0x0000000085f00000|  0%| F|  |TAMS 0x0000000085e00000, 0x0000000085e00000| Untracked 
|  85|0x0000000085f00000, 0x0000000085f00000, 0x0000000086000000|  0%| F|  |TAMS 0x0000000085f00000, 0x0000000085f00000| Untracked 
|  86|0x0000000086000000, 0x0000000086000000, 0x0000000086100000|  0%| F|  |TAMS 0x0000000086000000, 0x0000000086000000| Untracked 
|  87|0x0000000086100000, 0x0000000086100000, 0x0000000086200000|  0%| F|  |TAMS 0x0000000086100000, 0x0000000086100000| Untracked 
|  88|0x0000000086200000, 0x0000000086200000, 0x0000000086300000|  0%| F|  |TAMS 0x0000000086200000, 0x0000000086200000| Untracked 
|  89|0x0000000086300000, 0x0000000086300000, 0x0000000086400000|  0%| F|  |TAMS 0x0000000086300000, 0x0000000086300000| Untracked 
|  90|0x0000000086400000, 0x0000000086400000, 0x0000000086500000|  0%| F|  |TAMS 0x0000000086400000, 0x0000000086400000| Untracked 
|  91|0x0000000086500000, 0x0000000086500000, 0x0000000086600000|  0%| F|  |TAMS 0x0000000086500000, 0x0000000086500000| Untracked 
|  92|0x0000000086600000, 0x0000000086600000, 0x0000000086700000|  0%| F|  |TAMS 0x0000000086600000, 0x0000000086600000| Untracked 
|  93|0x0000000086700000, 0x0000000086700000, 0x0000000086800000|  0%| F|  |TAMS 0x0000000086700000, 0x0000000086700000| Untracked 
|  94|0x0000000086800000, 0x0000000086800000, 0x0000000086900000|  0%| F|  |TAMS 0x0000000086800000, 0x0000000086800000| Untracked 
|  95|0x0000000086900000, 0x0000000086900000, 0x0000000086a00000|  0%| F|  |TAMS 0x0000000086900000, 0x0000000086900000| Untracked 
|  96|0x0000000086a00000, 0x0000000086a00000, 0x0000000086b00000|  0%| F|  |TAMS 0x0000000086a00000, 0x0000000086a00000| Untracked 
|  97|0x0000000086b00000, 0x0000000086b00000, 0x0000000086c00000|  0%| F|  |TAMS 0x0000000086b00000, 0x0000000086b00000| Untracked 
|  98|0x0000000086c00000, 0x0000000086c00000, 0x0000000086d00000|  0%| F|  |TAMS 0x0000000086c00000, 0x0000000086c00000| Untracked 
|  99|0x0000000086d00000, 0x0000000086d00000, 0x0000000086e00000|  0%| F|  |TAMS 0x0000000086d00000, 0x0000000086d00000| Untracked 
| 100|0x0000000086e00000, 0x0000000086e00000, 0x0000000086f00000|  0%| F|  |TAMS 0x0000000086e00000, 0x0000000086e00000| Untracked 
| 101|0x0000000086f00000, 0x0000000086f00000, 0x0000000087000000|  0%| F|  |TAMS 0x0000000086f00000, 0x0000000086f00000| Untracked 
| 102|0x0000000087000000, 0x0000000087000000, 0x0000000087100000|  0%| F|  |TAMS 0x0000000087000000, 0x0000000087000000| Untracked 
| 103|0x0000000087100000, 0x00000000871ed840, 0x0000000087200000| 92%| S|CS|TAMS 0x0000000087100000, 0x0000000087100000| Complete 
| 104|0x0000000087200000, 0x0000000087300000, 0x0000000087300000|100%| S|CS|TAMS 0x0000000087200000, 0x0000000087200000| Complete 
| 105|0x0000000087300000, 0x0000000087300000, 0x0000000087400000|  0%| F|  |TAMS 0x0000000087300000, 0x0000000087300000| Untracked 
| 106|0x0000000087400000, 0x0000000087400000, 0x0000000087500000|  0%| F|  |TAMS 0x0000000087400000, 0x0000000087400000| Untracked 
| 107|0x0000000087500000, 0x0000000087500000, 0x0000000087600000|  0%| F|  |TAMS 0x0000000087500000, 0x0000000087500000| Untracked 
| 108|0x0000000087600000, 0x0000000087600000, 0x0000000087700000|  0%| F|  |TAMS 0x0000000087600000, 0x0000000087600000| Untracked 
| 109|0x0000000087700000, 0x0000000087700000, 0x0000000087800000|  0%| F|  |TAMS 0x0000000087700000, 0x0000000087700000| Untracked 
| 110|0x0000000087800000, 0x0000000087800000, 0x0000000087900000|  0%| F|  |TAMS 0x0000000087800000, 0x0000000087800000| Untracked 
| 111|0x0000000087900000, 0x0000000087900000, 0x0000000087a00000|  0%| F|  |TAMS 0x0000000087900000, 0x0000000087900000| Untracked 
| 112|0x0000000087a00000, 0x0000000087a00000, 0x0000000087b00000|  0%| F|  |TAMS 0x0000000087a00000, 0x0000000087a00000| Untracked 
| 113|0x0000000087b00000, 0x0000000087b00000, 0x0000000087c00000|  0%| F|  |TAMS 0x0000000087b00000, 0x0000000087b00000| Untracked 
| 114|0x0000000087c00000, 0x0000000087c00000, 0x0000000087d00000|  0%| F|  |TAMS 0x0000000087c00000, 0x0000000087c00000| Untracked 
| 115|0x0000000087d00000, 0x0000000087d00000, 0x0000000087e00000|  0%| F|  |TAMS 0x0000000087d00000, 0x0000000087d00000| Untracked 
| 116|0x0000000087e00000, 0x0000000087e00000, 0x0000000087f00000|  0%| F|  |TAMS 0x0000000087e00000, 0x0000000087e00000| Untracked 
| 117|0x0000000087f00000, 0x0000000087f00000, 0x0000000088000000|  0%| F|  |TAMS 0x0000000087f00000, 0x0000000087f00000| Untracked 
| 118|0x0000000088000000, 0x0000000088000000, 0x0000000088100000|  0%| F|  |TAMS 0x0000000088000000, 0x0000000088000000| Untracked 
| 119|0x0000000088100000, 0x0000000088100000, 0x0000000088200000|  0%| F|  |TAMS 0x0000000088100000, 0x0000000088100000| Untracked 
| 120|0x0000000088200000, 0x0000000088200000, 0x0000000088300000|  0%| F|  |TAMS 0x0000000088200000, 0x0000000088200000| Untracked 
| 121|0x0000000088300000, 0x0000000088300000, 0x0000000088400000|  0%| F|  |TAMS 0x0000000088300000, 0x0000000088300000| Untracked 
| 122|0x0000000088400000, 0x0000000088400000, 0x0000000088500000|  0%| F|  |TAMS 0x0000000088400000, 0x0000000088400000| Untracked 
| 123|0x0000000088500000, 0x0000000088500000, 0x0000000088600000|  0%| F|  |TAMS 0x0000000088500000, 0x0000000088500000| Untracked 
| 124|0x0000000088600000, 0x0000000088600000, 0x0000000088700000|  0%| F|  |TAMS 0x0000000088600000, 0x0000000088600000| Untracked 
| 125|0x0000000088700000, 0x0000000088700000, 0x0000000088800000|  0%| F|  |TAMS 0x0000000088700000, 0x0000000088700000| Untracked 
| 126|0x0000000088800000, 0x0000000088900000, 0x0000000088900000|100%| E|  |TAMS 0x0000000088800000, 0x0000000088800000| Complete 
| 127|0x0000000088900000, 0x0000000088a00000, 0x0000000088a00000|100%| E|CS|TAMS 0x0000000088900000, 0x0000000088900000| Complete 

Card table byte_map: [0x000001d8ec670000,0x000001d8eca70000] _byte_map_base: 0x000001d8ec26b000

Marking Bits (Prev, Next): (CMBitMap*) 0x000001d8d3723220, (CMBitMap*) 0x000001d8d3723260
 Prev Bits: [0x000001d8ece70000, 0x000001d8eee48000)
 Next Bits: [0x000001d8eee50000, 0x000001d8f0e28000)

Polling page: 0x000001d8d3790000

Metaspace:

Usage:
  Non-class:      1.27 MB used.
      Class:    118.66 KB used.
       Both:      1.39 MB used.

Virtual space:
  Non-class space:       64.00 MB reserved,       1.38 MB (  2%) committed,  1 nodes.
      Class space:        1.00 GB reserved,     192.00 KB ( <1%) committed,  1 nodes.
             Both:        1.06 GB reserved,       1.56 MB ( <1%) committed. 

Chunk freelists:
   Non-Class:  3.91 MB
       Class:  3.72 MB
        Both:  7.63 MB

MaxMetaspaceSize: unlimited
CompressedClassSpaceSize: 1.00 GB
Initial GC threshold: 21.00 MB
Current GC threshold: 21.00 MB
CDS: on
MetaspaceReclaimPolicy: balanced
 - commit_granule_bytes: 65536.
 - commit_granule_words: 8192.
 - virtual_space_node_default_size: 8388608.
 - enlarge_chunks_in_place: 1.
 - new_chunks_are_fully_committed: 0.
 - uncommit_free_chunks: 1.
 - use_allocation_guard: 0.


Internal statistics:

num_allocs_failed_limit: 0.
num_arena_births: 44.
num_arena_deaths: 0.
num_vsnodes_births: 2.
num_vsnodes_deaths: 0.
num_space_committed: 25.
num_space_uncommitted: 0.
num_chunks_returned_to_freelist: 0.
num_chunks_taken_from_freelist: 57.
num_chunk_merges: 0.
num_chunk_splits: 36.
num_chunks_enlarged: 18.
num_inconsistent_stats: 0.

CodeHeap 'non-profiled nmethods': size=120000Kb used=281Kb max_used=281Kb free=119718Kb
 bounds [0x000001d8e42d0000, 0x000001d8e4540000, 0x000001d8eb800000]
CodeHeap 'profiled nmethods': size=120000Kb used=676Kb max_used=676Kb free=119323Kb
 bounds [0x000001d8dcda0000, 0x000001d8dd010000, 0x000001d8e42d0000]
CodeHeap 'non-nmethods': size=5760Kb used=1147Kb max_used=1177Kb free=4612Kb
 bounds [0x000001d8dc800000, 0x000001d8dca70000, 0x000001d8dcda0000]
 total_blobs=986 nmethods=561 adapters=338
 compilation: enabled
              stopped_count=0, restarted_count=0
 full_count=0

Compilation events (20 events):
Event: 1.041 Thread 0x000001d8f36deb20  559       4       java.nio.Buffer::remaining (20 bytes)
Event: 1.041 Thread 0x000001d8f36df410 nmethod 556 0x000001d8dce41690 code [0x000001d8dce41880, 0x000001d8dce41e28]
Event: 1.041 Thread 0x000001d8f36df410  557       3       sun.nio.cs.StreamEncoder::implWrite (137 bytes)
Event: 1.041 Thread 0x000001d8f36deb20 nmethod 559 0x000001d8e4312110 code [0x000001d8e4312280, 0x000001d8e4312318]
Event: 1.041 Thread 0x000001d8f36deb20  560       4       java.nio.Buffer::hasRemaining (17 bytes)
Event: 1.042 Thread 0x000001d8f36deb20 nmethod 560 0x000001d8e4313890 code [0x000001d8e4313a00, 0x000001d8e4313a98]
Event: 1.042 Thread 0x000001d8f7dd1240 nmethod 519 0x000001d8e4312410 code [0x000001d8e4312620, 0x000001d8e43131f0]
Event: 1.042 Thread 0x000001d8f36df410 nmethod 557 0x000001d8dce42190 code [0x000001d8dce42400, 0x000001d8dce42dc8]
Event: 1.042 Thread 0x000001d8f36df410  555       3       java.lang.StringLatin1::inflate (34 bytes)
Event: 1.042 Thread 0x000001d8f36df410 nmethod 555 0x000001d8dce43190 code [0x000001d8dce43340, 0x000001d8dce43558]
Event: 1.047 Thread 0x000001d8f7dd1740 nmethod 540 0x000001d8e4313b90 code [0x000001d8e4313da0, 0x000001d8e43148b0]
Event: 1.049 Thread 0x000001d8f7dd1740  561       4       java.io.OutputStreamWriter::write (11 bytes)
Event: 1.052 Thread 0x000001d8f36deb20  562       4       sun.nio.cs.StreamEncoder::implWrite (137 bytes)
Event: 1.054 Thread 0x000001d8f36deb20 nmethod 562 0x000001d8e4315010 code [0x000001d8e43151a0, 0x000001d8e4315378]
Event: 1.055 Thread 0x000001d8f7dd1740 nmethod 561 0x000001d8e4315610 code [0x000001d8e43157c0, 0x000001d8e4315fb8]
Event: 1.076 Thread 0x000001d8f36df410  563 %     3       mukemmelSayi::main @ 26 (71 bytes)
Event: 1.078 Thread 0x000001d8f36df410 nmethod 563% 0x000001d8dce43710 code [0x000001d8dce43b60, 0x000001d8dce459c8]
Event: 1.079 Thread 0x000001d8f36df410  564       3       mukemmelSayi::main (71 bytes)
Event: 1.080 Thread 0x000001d8f36df410 nmethod 564 0x000001d8dce46510 code [0x000001d8dce46960, 0x000001d8dce48748]
Event: 1.149 Thread 0x000001d8f7dd1740  565 %     4       mukemmelSayi::main @ 26 (71 bytes)

GC Heap History (0 events):
No events

Deoptimization events (20 events):
Event: 1.038 Thread 0x000001d8f36d8690 Uncommon trap: trap_request=0xffffff45 fr.pc=0x000001d8e4309bbc relative=0x0000000000000a5c
Event: 1.038 Thread 0x000001d8f36d8690 Uncommon trap: reason=unstable_if action=reinterpret pc=0x000001d8e4309bbc method=java.nio.charset.CharsetEncoder.encode(Ljava/nio/CharBuffer;Ljava/nio/ByteBuffer;Z)Ljava/nio/charset/CoderResult; @ 15 c2
Event: 1.038 Thread 0x000001d8f36d8690 DEOPT PACKING pc=0x000001d8e4309bbc sp=0x000000c44c0fed60
Event: 1.038 Thread 0x000001d8f36d8690 DEOPT UNPACKING pc=0x000001d8dc8523a3 sp=0x000000c44c0feb68 mode 2
Event: 1.038 Thread 0x000001d8f36d8690 Uncommon trap: trap_request=0xffffffde fr.pc=0x000001d8e42fa388 relative=0x0000000000000588
Event: 1.038 Thread 0x000001d8f36d8690 Uncommon trap: reason=class_check action=maybe_recompile pc=0x000001d8e42fa388 method=sun.nio.cs.StreamEncoder.writeBytes()V @ 127 c2
Event: 1.038 Thread 0x000001d8f36d8690 DEOPT PACKING pc=0x000001d8e42fa388 sp=0x000000c44c0feca0
Event: 1.038 Thread 0x000001d8f36d8690 DEOPT UNPACKING pc=0x000001d8dc8523a3 sp=0x000000c44c0fec60 mode 2
Event: 1.039 Thread 0x000001d8f36d8690 Uncommon trap: trap_request=0xffffffde fr.pc=0x000001d8e42f1a40 relative=0x00000000000001a0
Event: 1.039 Thread 0x000001d8f36d8690 Uncommon trap: reason=class_check action=maybe_recompile pc=0x000001d8e42f1a40 method=java.nio.Buffer.<init>(IIIILjdk/internal/access/foreign/MemorySegmentProxy;)V @ 39 c2
Event: 1.039 Thread 0x000001d8f36d8690 DEOPT PACKING pc=0x000001d8e42f1a40 sp=0x000000c44c0febd0
Event: 1.039 Thread 0x000001d8f36d8690 DEOPT UNPACKING pc=0x000001d8dc8523a3 sp=0x000000c44c0feba8 mode 2
Event: 1.040 Thread 0x000001d8f36d8690 Uncommon trap: trap_request=0xffffff45 fr.pc=0x000001d8e430780c relative=0x000000000000072c
Event: 1.040 Thread 0x000001d8f36d8690 Uncommon trap: reason=unstable_if action=reinterpret pc=0x000001d8e430780c method=java.nio.charset.CharsetEncoder.encode(Ljava/nio/CharBuffer;Ljava/nio/ByteBuffer;Z)Ljava/nio/charset/CoderResult; @ 15 c2
Event: 1.040 Thread 0x000001d8f36d8690 DEOPT PACKING pc=0x000001d8e430780c sp=0x000000c44c0feca0
Event: 1.040 Thread 0x000001d8f36d8690 DEOPT UNPACKING pc=0x000001d8dc8523a3 sp=0x000000c44c0febf8 mode 2
Event: 1.040 Thread 0x000001d8f36d8690 Uncommon trap: trap_request=0xffffffde fr.pc=0x000001d8e42fa388 relative=0x0000000000000588
Event: 1.040 Thread 0x000001d8f36d8690 Uncommon trap: reason=class_check action=maybe_recompile pc=0x000001d8e42fa388 method=sun.nio.cs.StreamEncoder.writeBytes()V @ 127 c2
Event: 1.040 Thread 0x000001d8f36d8690 DEOPT PACKING pc=0x000001d8e42fa388 sp=0x000000c44c0feca0
Event: 1.040 Thread 0x000001d8f36d8690 DEOPT UNPACKING pc=0x000001d8dc8523a3 sp=0x000000c44c0fec60 mode 2

Classes loaded (20 events):
Event: 1.022 Loading class java/util/stream/SortedOps$SizedRefSortingSink
Event: 1.022 Loading class java/util/stream/SortedOps$AbstractRefSortingSink
Event: 1.022 Loading class java/util/stream/SortedOps$AbstractRefSortingSink done
Event: 1.022 Loading class java/util/stream/SortedOps$SizedRefSortingSink done
Event: 1.023 Loading class java/time/zone/ZoneRulesProvider
Event: 1.023 Loading class java/time/zone/ZoneRulesProvider done
Event: 1.023 Loading class java/time/zone/ZoneRulesProvider$1
Event: 1.023 Loading class java/time/zone/ZoneRulesProvider$1 done
Event: 1.023 Loading class java/time/zone/TzdbZoneRulesProvider
Event: 1.023 Loading class java/time/zone/TzdbZoneRulesProvider done
Event: 1.029 Loading class java/time/zone/Ser
Event: 1.029 Loading class java/io/Externalizable
Event: 1.029 Loading class java/io/Externalizable done
Event: 1.029 Loading class java/time/zone/Ser done
Event: 1.030 Loading class java/time/zone/ZoneOffsetTransition
Event: 1.030 Loading class java/time/zone/ZoneOffsetTransition done
Event: 1.033 Loading class sun/util/resources/TimeZoneNames
Event: 1.033 Loading class sun/util/resources/TimeZoneNames done
Event: 1.033 Loading class sun/util/resources/TimeZoneNames_en
Event: 1.033 Loading class sun/util/resources/TimeZoneNames_en done

Classes unloaded (0 events):
No events

Classes redefined (0 events):
No events

Internal exceptions (5 events):
Event: 0.095 Thread 0x000001d8d36ae370 Exception <a 'java/lang/NoSuchMethodError'{0x00000000888af110}: 'void java.lang.invoke.DirectMethodHandle$Holder.invokeStatic(java.lang.Object, java.lang.Object, java.lang.Object)'> (0x00000000888af110) 
thrown [s\open\src\hotspot\share\interpreter\linkResolver.cpp, line 759]
Event: 0.100 Thread 0x000001d8d36ae370 Exception <a 'java/lang/NoSuchMethodError'{0x00000000888c7e28}: 'java.lang.Object java.lang.invoke.Invokers$Holder.invokeExact_MT(java.lang.Object, java.lang.Object, java.lang.Object, java.lang.Object, java.lang.Object)'> (0x00000000888c7e28) 
thrown [s\open\src\hotspot\share\interpreter\linkResolver.cpp, line 759]
Event: 0.111 Thread 0x000001d8f7d38a00 Exception <a 'java/lang/NoSuchMethodError'{0x00000000888f3090}: 'void java.lang.invoke.DirectMethodHandle$Holder.invokeStatic(java.lang.Object, java.lang.Object)'> (0x00000000888f3090) 
thrown [s\open\src\hotspot\share\interpreter\linkResolver.cpp, line 759]
Event: 1.019 Thread 0x000001d8f36d8690 Exception <a 'java/lang/NoSuchMethodError'{0x0000000088187508}: 'java.lang.Object java.lang.invoke.DirectMethodHandle$Holder.invokeStaticInit(java.lang.Object, int)'> (0x0000000088187508) 
thrown [s\open\src\hotspot\share\interpreter\linkResolver.cpp, line 759]
Event: 1.037 Thread 0x000001d8f36d8690 Exception <a 'java/lang/NoSuchMethodError'{0x0000000087f17388}: 'java.lang.Object java.lang.invoke.Invokers$Holder.invokeExact_MT(java.lang.Object, java.lang.Object, java.lang.Object, java.lang.Object, java.lang.Object, java.lang.Object)'> (0x0000000087f17388) 
thrown [s\open\src\hotspot\share\interpreter\linkResolver.cpp, line 759]

VM Operations (8 events):
Event: 0.066 Executing VM operation: HandshakeAllThreads
Event: 0.066 Executing VM operation: HandshakeAllThreads done
Event: 0.106 Executing VM operation: HandshakeAllThreads
Event: 0.106 Executing VM operation: HandshakeAllThreads done
Event: 1.002 Executing VM operation: HandshakeAllThreads
Event: 1.002 Executing VM operation: HandshakeAllThreads done
Event: 1.002 Executing VM operation: HandshakeAllThreads
Event: 1.002 Executing VM operation: HandshakeAllThreads done

Events (20 events):
Event: 0.021 Thread 0x000001d8f36b7ae0 Thread added: 0x000001d8f36b7ae0
Event: 0.035 Thread 0x000001d8f36d7de0 Thread added: 0x000001d8f36d7de0
Event: 0.035 Thread 0x000001d8f36d8690 Thread added: 0x000001d8f36d8690
Event: 0.035 Thread 0x000001d8f36d8f40 Thread added: 0x000001d8f36d8f40
Event: 0.036 Thread 0x000001d8f36d97f0 Thread added: 0x000001d8f36d97f0
Event: 0.036 Thread 0x000001d8f36deb20 Thread added: 0x000001d8f36deb20
Event: 0.036 Thread 0x000001d8f36df410 Thread added: 0x000001d8f36df410
Event: 0.036 Thread 0x000001d8f36ee510 Thread added: 0x000001d8f36ee510
Event: 0.059 Thread 0x000001d8f7ca5ce0 Thread added: 0x000001d8f7ca5ce0
Event: 0.080 Loaded shared library D:\Java\bin\zip.dll
Event: 0.082 Loaded shared library D:\Java\bin\instrument.dll
Event: 0.089 Loaded shared library D:\Java\bin\net.dll
Event: 0.091 Loaded shared library D:\Java\bin\nio.dll
Event: 0.095 Loaded shared library D:\Java\bin\zip.dll
Event: 0.103 Loaded shared library D:\IntelliJ IDEA Community Edition 2022.2\bin\breakgen64.dll
Event: 0.104 Thread 0x000001d8f7d38a00 Thread added: 0x000001d8f7d38a00
Event: 0.104 Thread 0x000001d8f7d83050 Thread added: 0x000001d8f7d83050
Event: 0.119 Loaded shared library D:\Java\bin\jimage.dll
Event: 0.944 Thread 0x000001d8f7dd1240 Thread added: 0x000001d8f7dd1240
Event: 0.944 Thread 0x000001d8f7dd1740 Thread added: 0x000001d8f7dd1740


Dynamic libraries:
0x00007ff7203d0000 - 0x00007ff7203e0000 	D:\Java\bin\java.exe
0x00007fff9bac0000 - 0x00007fff9bcc9000 	C:\Windows\SYSTEM32\ntdll.dll
0x00007fff9a970000 - 0x00007fff9aa2d000 	C:\Windows\System32\KERNEL32.DLL
0x00007fff99350000 - 0x00007fff996cd000 	C:\Windows\System32\KERNELBASE.dll
0x00007fff99230000 - 0x00007fff99341000 	C:\Windows\System32\ucrtbase.dll
0x00007fff963d0000 - 0x00007fff963e8000 	D:\Java\bin\jli.dll
0x00007fff963b0000 - 0x00007fff963ca000 	D:\Java\bin\VCRUNTIME140.dll
0x00007fff9b1f0000 - 0x00007fff9b29e000 	C:\Windows\System32\ADVAPI32.dll
0x00007fff99d90000 - 0x00007fff99e33000 	C:\Windows\System32\msvcrt.dll
0x00007fff9a5b0000 - 0x00007fff9a64e000 	C:\Windows\System32\sechost.dll
0x00007fff9a760000 - 0x00007fff9a880000 	C:\Windows\System32\RPCRT4.dll
0x00007fff99f30000 - 0x00007fff9a0dd000 	C:\Windows\System32\USER32.dll
0x00007fff7ce60000 - 0x00007fff7d105000 	C:\Windows\WinSxS\amd64_microsoft.windows.common-controls_6595b64144ccf1df_6.0.22000.120_none_9d947278b86cc467\COMCTL32.dll
0x00007fff99140000 - 0x00007fff99166000 	C:\Windows\System32\win32u.dll
0x00007fff9a160000 - 0x00007fff9a189000 	C:\Windows\System32\GDI32.dll
0x00007fff98fa0000 - 0x00007fff990b8000 	C:\Windows\System32\gdi32full.dll
0x00007fff93100000 - 0x00007fff9310a000 	C:\Windows\SYSTEM32\VERSION.dll
0x00007fff996d0000 - 0x00007fff9976d000 	C:\Windows\System32\msvcp_win.dll
0x00007fff9b2a0000 - 0x00007fff9b2d1000 	C:\Windows\System32\IMM32.DLL
0x00007fff95110000 - 0x00007fff9511c000 	D:\Java\bin\vcruntime140_1.dll
0x00007fff89c10000 - 0x00007fff89c9d000 	D:\Java\bin\msvcp140.dll
0x00007fff23f70000 - 0x00007fff24b81000 	D:\Java\bin\server\jvm.dll
0x00007fff99d10000 - 0x00007fff99d18000 	C:\Windows\System32\PSAPI.DLL
0x00007fff8f530000 - 0x00007fff8f563000 	C:\Windows\SYSTEM32\WINMM.dll
0x00007fff963a0000 - 0x00007fff963a9000 	C:\Windows\SYSTEM32\WSOCK32.dll
0x00007fff9b2e0000 - 0x00007fff9b34f000 	C:\Windows\System32\WS2_32.dll
0x00007fff98190000 - 0x00007fff981a8000 	C:\Windows\SYSTEM32\kernel.appcore.dll
0x00007fff89d20000 - 0x00007fff89d2a000 	D:\Java\bin\jimage.dll
0x00007fff92d90000 - 0x00007fff92fb1000 	C:\Windows\SYSTEM32\DBGHELP.DLL
0x00007fff88850000 - 0x00007fff88881000 	C:\Windows\SYSTEM32\dbgcore.DLL
0x00007fff990c0000 - 0x00007fff9913f000 	C:\Windows\System32\bcryptPrimitives.dll
0x00007fff89ce0000 - 0x00007fff89cee000 	D:\Java\bin\instrument.dll
0x00007fff89cf0000 - 0x00007fff89d15000 	D:\Java\bin\java.dll
0x00007fff89290000 - 0x00007fff89366000 	D:\Java\bin\jsvml.dll
0x00007fff9aa30000 - 0x00007fff9b1e8000 	C:\Windows\System32\SHELL32.dll
0x00007fff97120000 - 0x00007fff97988000 	C:\Windows\SYSTEM32\windows.storage.dll
0x00007fff9a190000 - 0x00007fff9a509000 	C:\Windows\System32\combase.dll
0x00007fff96fb0000 - 0x00007fff97116000 	C:\Windows\SYSTEM32\wintypes.dll
0x00007fff9a670000 - 0x00007fff9a75a000 	C:\Windows\System32\SHCORE.dll
0x00007fff99ae0000 - 0x00007fff99b3d000 	C:\Windows\System32\shlwapi.dll
0x00007fff98ed0000 - 0x00007fff98ef1000 	C:\Windows\SYSTEM32\profapi.dll
0x00007fff89bd0000 - 0x00007fff89be8000 	D:\Java\bin\zip.dll
0x00007fff89cc0000 - 0x00007fff89cd3000 	D:\Java\bin\net.dll
0x00007fff94120000 - 0x00007fff9422c000 	C:\Windows\SYSTEM32\WINHTTP.dll
0x00007fff985c0000 - 0x00007fff98627000 	C:\Windows\system32\mswsock.dll
0x00007fff89bf0000 - 0x00007fff89c06000 	D:\Java\bin\nio.dll
0x00007fff89bb0000 - 0x00007fff89bca000 	D:\IntelliJ IDEA Community Edition 2022.2\bin\breakgen64.dll

dbghelp: loaded successfully - version: 4.0.5 - missing functions: none
symbol engine: initialized successfully - sym options: 0x614 - pdb path: .;D:\Java\bin;C:\Windows\SYSTEM32;C:\Windows\WinSxS\amd64_microsoft.windows.common-controls_6595b64144ccf1df_6.0.22000.120_none_9d947278b86cc467;D:\Java\bin\server;D:\IntelliJ IDEA Community Edition 2022.2\bin

VM Arguments:
jvm_args: -javaagent:D:\IntelliJ IDEA Community Edition 2022.2\lib\idea_rt.jar=51128:D:\IntelliJ IDEA Community Edition 2022.2\bin -Dfile.encoding=UTF-8 
java_command: mukemmelSayi
java_class_path (initial): D:\Idead Project\mukemmelSayiBulma\out\production\mukemmelSayiBulma
Launcher Type: SUN_STANDARD

[Global flags]
     intx CICompilerCount                          = 4                                         {product} {ergonomic}
     uint ConcGCThreads                            = 2                                         {product} {ergonomic}
     uint G1ConcRefinementThreads                  = 8                                         {product} {ergonomic}
   size_t G1HeapRegionSize                         = 1048576                                   {product} {ergonomic}
    uintx GCDrainStackTargetSize                   = 64                                        {product} {ergonomic}
   size_t InitialHeapSize                          = 134217728                                 {product} {ergonomic}
   size_t MarkStackSize                            = 4194304                                   {product} {ergonomic}
   size_t MaxHeapSize                              = 2136997888                                {product} {ergonomic}
   size_t MaxNewSize                               = 1281359872                                {product} {ergonomic}
   size_t MinHeapDeltaBytes                        = 1048576                                   {product} {ergonomic}
   size_t MinHeapSize                              = 8388608                                   {product} {ergonomic}
    uintx NonNMethodCodeHeapSize                   = 5839372                                {pd product} {ergonomic}
    uintx NonProfiledCodeHeapSize                  = 122909434                              {pd product} {ergonomic}
    uintx ProfiledCodeHeapSize                     = 122909434                              {pd product} {ergonomic}
    uintx ReservedCodeCacheSize                    = 251658240                              {pd product} {ergonomic}
     bool SegmentedCodeCache                       = true                                      {product} {ergonomic}
   size_t SoftMaxHeapSize                          = 2136997888                             {manageable} {ergonomic}
     bool UseCompressedClassPointers               = true                           {product lp64_product} {ergonomic}
     bool UseCompressedOops                        = true                           {product lp64_product} {ergonomic}
     bool UseG1GC                                  = true                                      {product} {ergonomic}
     bool UseLargePagesIndividualAllocation        = false                                  {pd product} {ergonomic}

Logging:
Log output configuration:
 #0: stdout all=warning uptime,level,tags foldmultilines=false
 #1: stderr all=off uptime,level,tags foldmultilines=false

Environment Variables:
PATH=C:\Program Files\Common Files\Oracle\Java\javapath;C:\Windows\system32;C:\Windows;C:\Windows\System32\Wbem;C:\Windows\System32\WindowsPowerShell\v1.0\;C:\Windows\System32\OpenSSH\;D:\Git\cmd;C:\Program Files\Microsoft SQL Server\150\Tools\Binn\;C:\Program Files\Microsoft SQL Server\Client SDK\ODBC\170\Tools\Binn\;C:\Program Files\dotnet\;C:\Users\musta\AppData\Local\Microsoft\WindowsApps;D:\Microsoft VS Code\bin;C:\Users\musta\.dotnet\tools;C:\Users\musta\AppData\Local\GitHubDesktop\bin
USERNAME=musta
OS=Windows_NT
PROCESSOR_IDENTIFIER=AMD64 Family 23 Model 1 Stepping 1, AuthenticAMD



---------------  S Y S T E M  ---------------

OS:
 Windows 11 , 64 bit Build 22000 (10.0.22000.708)
OS uptime: 0 days 5:07 hours

CPU: total 8 (initial active 8) (8 cores per cpu, 2 threads per core) family 23 model 1 stepping 1 microcode 0x0, cx8, cmov, fxsr, ht, mmx, 3dnowpref, sse, sse2, sse3, ssse3, sse4a, sse4.1, sse4.2, popcnt, lzcnt, tsc, tscinvbit, avx, avx2, aes, clmul, bmi1, bmi2, adx, sha, fma, vzeroupper, clflush, clflushopt

Memory: 4k page, system-wide physical 8146M (1732M free)
TotalPageFile size 21970M (AvailPageFile size 8836M)
current process WorkingSet (physical memory assigned to process): 66M, peak: 66M
current process commit charge ("private bytes"): 218M, peak: 218M

vm_info: Java HotSpot(TM) 64-Bit Server VM (18.0.2+9-61) for windows-amd64 JRE (18.0.2+9-61), built on Jun  7 2022 13:09:01 by "mach5one" with MS VC++ 16.8 / 16.9 (VS2019)

END.
